<?xml version="1.0" encoding="UTF-8"?>
<testsuite xmlns:xsi="http://www.w3.org/2001/XMLSchema-instance" xsi:noNamespaceSchemaLocation="https://maven.apache.org/surefire/maven-surefire-plugin/xsd/surefire-test-report-3.0.xsd" version="3.0" name="runner.TestRunner" time="1.13" tests="24" errors="0" skipped="0" failures="0">
  <properties>
[...]
</properties>
  <testcase name="Given user hit &quot;www.google.com&quot; and land on login page" classname="| username1 | password1 |" time="0.007">
    <system-out><![CDATA[Feature: Login feature

  Scenario Outline: Login Test                             # src/test/java/features/Login.Feature:2
    Given user hit "www.google.com" and land on login page
    When user enter "<username>" and "<password>"
    And user click on login button
    Then user will land on loginhome page
    And validate below details

    Examples: 
Setup of webdriver




user hit ------>www.google.com
]]></system-out>
  </testcase>
  <testcase name="When user enter &quot;username1&quot; and &quot;password1&quot;" classname="| username1 | password1 |" time="0">
    <system-out><![CDATA[user enter--> username1 user enter--> password1
]]></system-out>
  </testcase>
  <testcase name="And user click on login button" classname="| username1 | password1 |" time="0">
    <system-out><![CDATA[User clicking on login button
]]></system-out>
  </testcase>
  <testcase name="Then user will land on loginhome page" classname="| username1 | password1 |" time="0">
    <system-out><![CDATA[User land on login home page
]]></system-out>
  </testcase>
  <testcase name="And validate below details" classname="| username1 | password1 |" time="0">
    <system-out><![CDATA[Vishal  444184
Shraddha  518649
Animesh  100100
Jagadeesh  200200
]]></system-out>
  </testcase>
  <testcase name="" classname="| username1 | password1 |" time="0.005">
    <system-out><![CDATA[

Teardown method





]]></system-out>
  </testcase>
  <testcase name="Given user hit &quot;www.google.com&quot; and land on login page" classname="| username2 | password2 |" time="0">
    <system-out><![CDATA[Setup of webdriver





  Scenario Outline: Login Test                             # src/test/java/features/Login.Feature:16
    Given user hit "www.google.com" and land on login page # LoginStepDefinition.user_hit_and_land_on_login_page(String)
    When user enter "username1" and "password1"            # LoginStepDefinition.user_enter_username_and_password(String,String)
    And user click on login button                         # LoginStepDefinition.user_click_on_login_button()
    Then user will land on loginhome page                  # LoginStepDefinition.user_will_land_on_loginhome_page()
    And validate below details                             # LoginStepDefinition.validate_below_details(DataTable)
user hit ------>www.google.com
]]></system-out>
  </testcase>
  <testcase name="When user enter &quot;username2&quot; and &quot;password2&quot;" classname="| username2 | password2 |" time="0">
    <system-out><![CDATA[user enter--> username2 user enter--> password2
]]></system-out>
  </testcase>
  <testcase name="And user click on login button" classname="| username2 | password2 |" time="0">
    <system-out><![CDATA[User clicking on login button
]]></system-out>
  </testcase>
  <testcase name="Then user will land on loginhome page" classname="| username2 | password2 |" time="0">
    <system-out><![CDATA[User land on login home page
]]></system-out>
  </testcase>
  <testcase name="And validate below details" classname="| username2 | password2 |" time="0">
    <system-out><![CDATA[Vishal  444184
Shraddha  518649
Animesh  100100
Jagadeesh  200200
]]></system-out>
  </testcase>
  <testcase name="" classname="| username2 | password2 |" time="0.001">
    <system-out><![CDATA[

Teardown method





]]></system-out>
  </testcase>
  <testcase name="Given user hit &quot;www.google.com&quot; and land on login page" classname="| username3 | password3 |" time="0">
    <system-out><![CDATA[Setup of webdriver





  Scenario Outline: Login Test                             # src/test/java/features/Login.Feature:17
    Given user hit "www.google.com" and land on login page # LoginStepDefinition.user_hit_and_land_on_login_page(String)
    When user enter "username2" and "password2"            # LoginStepDefinition.user_enter_username_and_password(String,String)
    And user click on login button                         # LoginStepDefinition.user_click_on_login_button()
    Then user will land on loginhome page                  # LoginStepDefinition.user_will_land_on_loginhome_page()
    And validate below details                             # LoginStepDefinition.validate_below_details(DataTable)
user hit ------>www.google.com
]]></system-out>
  </testcase>
  <testcase name="When user enter &quot;username3&quot; and &quot;password3&quot;" classname="| username3 | password3 |" time="0">
    <system-out><![CDATA[user enter--> username3 user enter--> password3
]]></system-out>
  </testcase>
  <testcase name="And user click on login button" classname="| username3 | password3 |" time="0">
    <system-out><![CDATA[User clicking on login button
]]></system-out>
  </testcase>
  <testcase name="Then user will land on loginhome page" classname="| username3 | password3 |" time="0">
    <system-out><![CDATA[User land on login home page
]]></system-out>
  </testcase>
  <testcase name="And validate below details" classname="| username3 | password3 |" time="0.001">
    <system-out><![CDATA[Vishal  444184
Shraddha  518649
Animesh  100100
Jagadeesh  200200
]]></system-out>
  </testcase>
  <testcase name="" classname="| username3 | password3 |" time="0.001">
    <system-out><![CDATA[

Teardown method





]]></system-out>
  </testcase>
  <testcase name="Given user hit &quot;www.google.com&quot; and land on login page" classname="| username4 | password4 |" time="0">
    <system-out><![CDATA[Setup of webdriver





  Scenario Outline: Login Test                             # src/test/java/features/Login.Feature:18
    Given user hit "www.google.com" and land on login page # LoginStepDefinition.user_hit_and_land_on_login_page(String)
    When user enter "username3" and "password3"            # LoginStepDefinition.user_enter_username_and_password(String,String)
    And user click on login button                         # LoginStepDefinition.user_click_on_login_button()
    Then user will land on loginhome page                  # LoginStepDefinition.user_will_land_on_loginhome_page()
    And validate below details                             # LoginStepDefinition.validate_below_details(DataTable)
user hit ------>www.google.com
]]></system-out>
  </testcase>
  <testcase name="When user enter &quot;username4&quot; and &quot;password4&quot;" classname="| username4 | password4 |" time="0">
    <system-out><![CDATA[user enter--> username4 user enter--> password4
]]></system-out>
  </testcase>
  <testcase name="And user click on login button" classname="| username4 | password4 |" time="0.001">
    <system-out><![CDATA[User clicking on login button
]]></system-out>
  </testcase>
  <testcase name="Then user will land on loginhome page" classname="| username4 | password4 |" time="0">
    <system-out><![CDATA[User land on login home page
]]></system-out>
  </testcase>
  <testcase name="And validate below details" classname="| username4 | password4 |" time="0">
    <system-out><![CDATA[Vishal  444184
Shraddha  518649
Animesh  100100
Jagadeesh  200200
]]></system-out>
  </testcase>
  <testcase name="" classname="| username4 | password4 |" time="0.012">
    <system-out><![CDATA[

Teardown method





]]></system-out>
  </testcase>
</testsuite>